<?xml version="1.0" encoding="UTF-8"?>
<testng-results skipped="0" failed="1" ignored="0" total="1" passed="0">
  <reporter-output>
  </reporter-output>
  <suite name="Default suite" duration-ms="164686" started-at="2017-07-14T09:55:01Z" finished-at="2017-07-14T09:57:46Z">
    <groups>
    </groups>
    <test name="Default test" duration-ms="164686" started-at="2017-07-14T09:55:01Z" finished-at="2017-07-14T09:57:46Z">
      <class name="UnusedTests.GridTesting">
        <test-method status="PASS" signature="beforeTest()[pri:0, instance:UnusedTests.GridTesting@42d80b78]" name="beforeTest" is-config="true" duration-ms="16" started-at="2017-07-14T15:25:01Z" finished-at="2017-07-14T15:25:01Z">
          <reporter-output>
          </reporter-output>
        </test-method> <!-- beforeTest -->
        <test-method status="FAIL" signature="f()[pri:0, instance:UnusedTests.GridTesting@42d80b78]" name="f" duration-ms="164638" started-at="2017-07-14T15:25:01Z" finished-at="2017-07-14T15:27:46Z">
          <exception class="org.openqa.selenium.WebDriverException">
            <message>
              <![CDATA[com.google.common.collect.Maps$TransformedEntriesMap cannot be cast to java.lang.String
Command duration or timeout: 19 milliseconds
Build info: version: '2.53.1', revision: 'a36b8b1cd5757287168e54b817830adce9b0158d', time: '2016-06-30 19:26:09'
System info: host: 'PU3D16QSFY1', ip: '10.167.112.100', os.name: 'Windows 7', os.arch: 'amd64', os.version: '6.1', java.version: '1.8.0_131'
Driver info: org.openqa.selenium.remote.RemoteWebDriver
Capabilities [{capabilities={rotatable=false, raisesAccessibilityExceptions=false, marionette=true, appBuildId=20160726073904, version=, platform=WINDOWS_NT, proxy={}, command_id=1, specificationLevel=0, acceptSslCerts=false, browserVersion=48.0, platformVersion=6.1, XULappId={ec8030f7-c20a-464f-9b0e-13a3a9e97384}, browserName=Firefox, takesScreenshot=true, takesElementScreenshot=true, platformName=Windows_NT, device=desktop}, webdriver.remote.sessionid=fed16443-2edb-4955-8f9a-249960617fd2, takesScreenshot=true, javascriptEnabled=true, sessionId=d7b89b7f-0fb7-4c1a-b31f-d869cb8bd8cd, cssSelectorsEnabled=true, platform=ANY}]
Session ID: fed16443-2edb-4955-8f9a-249960617fd2]]>
            </message>
            <full-stacktrace>
              <![CDATA[org.openqa.selenium.WebDriverException: com.google.common.collect.Maps$TransformedEntriesMap cannot be cast to java.lang.String
Command duration or timeout: 19 milliseconds
Build info: version: '2.53.1', revision: 'a36b8b1cd5757287168e54b817830adce9b0158d', time: '2016-06-30 19:26:09'
System info: host: 'PU3D16QSFY1', ip: '10.167.112.100', os.name: 'Windows 7', os.arch: 'amd64', os.version: '6.1', java.version: '1.8.0_131'
Driver info: org.openqa.selenium.remote.RemoteWebDriver
Capabilities [{capabilities={rotatable=false, raisesAccessibilityExceptions=false, marionette=true, appBuildId=20160726073904, version=, platform=WINDOWS_NT, proxy={}, command_id=1, specificationLevel=0, acceptSslCerts=false, browserVersion=48.0, platformVersion=6.1, XULappId={ec8030f7-c20a-464f-9b0e-13a3a9e97384}, browserName=Firefox, takesScreenshot=true, takesElementScreenshot=true, platformName=Windows_NT, device=desktop}, webdriver.remote.sessionid=fed16443-2edb-4955-8f9a-249960617fd2, takesScreenshot=true, javascriptEnabled=true, sessionId=d7b89b7f-0fb7-4c1a-b31f-d869cb8bd8cd, cssSelectorsEnabled=true, platform=ANY}]
Session ID: fed16443-2edb-4955-8f9a-249960617fd2
	at sun.reflect.NativeConstructorAccessorImpl.newInstance0(Native Method)
	at sun.reflect.NativeConstructorAccessorImpl.newInstance(NativeConstructorAccessorImpl.java:62)
	at sun.reflect.DelegatingConstructorAccessorImpl.newInstance(DelegatingConstructorAccessorImpl.java:45)
	at java.lang.reflect.Constructor.newInstance(Constructor.java:423)
	at org.openqa.selenium.remote.ErrorHandler.createThrowable(ErrorHandler.java:206)
	at org.openqa.selenium.remote.ErrorHandler.throwIfResponseFailed(ErrorHandler.java:158)
	at org.openqa.selenium.remote.RemoteWebDriver.execute(RemoteWebDriver.java:678)
	at org.openqa.selenium.remote.RemoteWebDriver.execute(RemoteWebDriver.java:701)
	at org.openqa.selenium.remote.RemoteWebDriver$RemoteTargetLocator.alert(RemoteWebDriver.java:1049)
	at org.openqa.selenium.support.ui.ExpectedConditions$28.apply(ExpectedConditions.java:826)
	at org.openqa.selenium.support.ui.ExpectedConditions$28.apply(ExpectedConditions.java:822)
	at org.openqa.selenium.support.ui.FluentWait.until(FluentWait.java:238)
	at UnusedTests.GridTesting.HandlePopup(GridTesting.java:59)
	at UnusedTests.GridTesting.f(GridTesting.java:38)
	at sun.reflect.NativeMethodAccessorImpl.invoke0(Native Method)
	at sun.reflect.NativeMethodAccessorImpl.invoke(NativeMethodAccessorImpl.java:62)
	at sun.reflect.DelegatingMethodAccessorImpl.invoke(DelegatingMethodAccessorImpl.java:43)
	at java.lang.reflect.Method.invoke(Method.java:498)
	at org.testng.internal.MethodInvocationHelper.invokeMethod(MethodInvocationHelper.java:108)
	at org.testng.internal.Invoker.invokeMethod(Invoker.java:661)
	at org.testng.internal.Invoker.invokeTestMethod(Invoker.java:869)
	at org.testng.internal.Invoker.invokeTestMethods(Invoker.java:1193)
	at org.testng.internal.TestMethodWorker.invokeTestMethods(TestMethodWorker.java:126)
	at org.testng.internal.TestMethodWorker.run(TestMethodWorker.java:109)
	at org.testng.TestRunner.privateRun(TestRunner.java:744)
	at org.testng.TestRunner.run(TestRunner.java:602)
	at org.testng.SuiteRunner.runTest(SuiteRunner.java:380)
	at org.testng.SuiteRunner.runSequentially(SuiteRunner.java:375)
	at org.testng.SuiteRunner.privateRun(SuiteRunner.java:340)
	at org.testng.SuiteRunner.run(SuiteRunner.java:289)
	at org.testng.SuiteRunnerWorker.runSuite(SuiteRunnerWorker.java:52)
	at org.testng.SuiteRunnerWorker.run(SuiteRunnerWorker.java:86)
	at org.testng.TestNG.runSuitesSequentially(TestNG.java:1301)
	at org.testng.TestNG.runSuitesLocally(TestNG.java:1226)
	at org.testng.TestNG.runSuites(TestNG.java:1144)
	at org.testng.TestNG.run(TestNG.java:1115)
	at org.testng.remote.AbstractRemoteTestNG.run(AbstractRemoteTestNG.java:132)
	at org.testng.remote.RemoteTestNG.initAndRun(RemoteTestNG.java:230)
	at org.testng.remote.RemoteTestNG.main(RemoteTestNG.java:76)
Caused by: java.lang.ClassCastException: com.google.common.collect.Maps$TransformedEntriesMap cannot be cast to java.lang.String
	at org.openqa.selenium.remote.RemoteWebDriver$RemoteAlert.getText(RemoteWebDriver.java:1077)
	at org.openqa.selenium.remote.server.handler.GetAlertText.call(GetAlertText.java:30)
	at org.openqa.selenium.remote.server.handler.GetAlertText.call(GetAlertText.java:1)
	at java.util.concurrent.FutureTask.run(Unknown Source)
	at org.openqa.selenium.remote.server.DefaultSession$1.run(DefaultSession.java:176)
	at java.util.concurrent.ThreadPoolExecutor.runWorker(Unknown Source)
	at java.util.concurrent.ThreadPoolExecutor$Worker.run(Unknown Source)
	at java.lang.Thread.run(Unknown Source)
]]>
            </full-stacktrace>
          </exception> <!-- org.openqa.selenium.WebDriverException -->
          <reporter-output>
          </reporter-output>
        </test-method> <!-- f -->
        <test-method status="PASS" signature="afterTest()[pri:0, instance:UnusedTests.GridTesting@42d80b78]" name="afterTest" is-config="true" duration-ms="0" started-at="2017-07-14T15:27:46Z" finished-at="2017-07-14T15:27:46Z">
          <reporter-output>
          </reporter-output>
        </test-method> <!-- afterTest -->
      </class> <!-- UnusedTests.GridTesting -->
    </test> <!-- Default test -->
  </suite> <!-- Default suite -->
</testng-results>
